<?xml version="1.0" encoding="UTF-8"?>
<testng-results ignored="0" total="2" passed="2" failed="0" skipped="0">
  <reporter-output>
  </reporter-output>
  <suite started-at="2024-04-27T13:01:44 BDT" name="Default suite" finished-at="2024-04-27T13:01:52 BDT" duration-ms="7646">
    <groups>
    </groups>
    <test started-at="2024-04-27T13:01:44 BDT" name="Default test" finished-at="2024-04-27T13:01:52 BDT" duration-ms="7646">
      <class name="packagebatch12.TestNG">
        <test-method is-config="true" signature="Init()[pri:0, instance:packagebatch12.TestNG@765d7657]" started-at="2024-04-27T13:01:44 BDT" name="Init" finished-at="2024-04-27T13:01:50 BDT" duration-ms="5791" status="PASS">
          <reporter-output>
          </reporter-output>
        </test-method> <!-- Init -->
        <test-method signature="login()[pri:0, instance:packagebatch12.TestNG@765d7657]" started-at="2024-04-27T13:01:50 BDT" name="login" finished-at="2024-04-27T13:01:51 BDT" duration-ms="805" status="PASS">
          <reporter-output>
          </reporter-output>
        </test-method> <!-- login -->
        <test-method signature="page1()[pri:0, instance:packagebatch12.TestNG@765d7657]" started-at="2024-04-27T13:01:51 BDT" name="page1" finished-at="2024-04-27T13:01:52 BDT" duration-ms="1000" status="PASS">
          <reporter-output>
          </reporter-output>
        </test-method> <!-- page1 -->
      </class> <!-- packagebatch12.TestNG -->
    </test> <!-- Default test -->
  </suite> <!-- Default suite -->
</testng-results>
